#
# There is insufficient memory for the Java Runtime Environment to continue.
# Native memory allocation (mmap) failed to map 1065353216 bytes for G1 virtual space
# Possible reasons:
#   The system is out of physical RAM or swap space
#   The process is running with CompressedOops enabled, and the Java Heap may be blocking the growth of the native heap
# Possible solutions:
#   Reduce memory load on the system
#   Increase physical memory or swap space
#   Check if swap backing store is full
#   Decrease Java heap size (-Xmx/-Xms)
#   Decrease number of Java threads
#   Decrease Java thread stack sizes (-Xss)
#   Set larger code cache with -XX:ReservedCodeCacheSize=
#   JVM is running with Zero Based Compressed Oops mode in which the Java heap is
#     placed in the first 32GB address space. The Java Heap base address is the
#     maximum limit for the native heap growth. Please use -XX:HeapBaseMinAddress
#     to set the Java Heap base and to place the Java Heap above 32GB virtual address.
# This output file may be truncated or incomplete.
#
#  Out of Memory Error (os_windows.cpp:3771), pid=251300, tid=251492
#
# JRE version:  (17.0.7+10) (build )
# Java VM: OpenJDK 64-Bit Server VM (17.0.7+10-b829.16, mixed mode, sharing, tiered, compressed oops, compressed class ptrs, g1 gc, windows-amd64)
# No core dump will be written. Minidumps are not enabled by default on client versions of Windows
#

---------------  S U M M A R Y ------------

Command Line: git4idea.http.GitAskPassApp Username for 'https://github.com': 

Host: AMD Ryzen 9 7950X3D 16-Core Processor          , 32 cores, 63G,  Windows 11 , 64 bit Build 23493 (10.0.23493.1000)
Time: Thu Jul  6 22:49:16 2023 Central Daylight Time elapsed time: 1.856691 seconds (0d 0h 0m 1s)

---------------  T H R E A D  ---------------

Current thread (0x000002174f52e000):  JavaThread "Unknown thread" [_thread_in_vm, id=251492, stack(0x0000009484200000,0x0000009484300000)]

Stack: [0x0000009484200000,0x0000009484300000]
Native frames: (J=compiled Java code, j=interpreted, Vv=VM code, C=native code)
V  [jvm.dll+0x683cca]
V  [jvm.dll+0x8424b4]
V  [jvm.dll+0x843cae]
V  [jvm.dll+0x844313]
V  [jvm.dll+0x24ad2f]
V  [jvm.dll+0x680b99]
V  [jvm.dll+0x67526a]
V  [jvm.dll+0x30b3cb]
V  [jvm.dll+0x312876]
V  [jvm.dll+0x36221e]
V  [jvm.dll+0x36244f]
V  [jvm.dll+0x2e14a8]
V  [jvm.dll+0x2e2414]
V  [jvm.dll+0x814441]
V  [jvm.dll+0x36ffe1]
V  [jvm.dll+0x7f3a1c]
V  [jvm.dll+0x3f305f]
V  [jvm.dll+0x3f4b91]
C  [jli.dll+0x528f]
C  [ucrtbase.dll+0x29363]
C  [KERNEL32.DLL+0x126ad]
C  [ntdll.dll+0x5aa08]


---------------  P R O C E S S  ---------------

Threads class SMR info:
_java_thread_list=0x00007ffb5c87b098, length=0, elements={
}

Java Threads: ( => current thread )

Other Threads:
  0x000002177aee0ca0 GCTaskThread "GC Thread#0" [stack: 0x0000009484300000,0x0000009484400000] [id=259400]
  0x0000021751759340 ConcurrentGCThread "G1 Main Marker" [stack: 0x0000009484400000,0x0000009484500000] [id=259628]
  0x00000217517fdb50 ConcurrentGCThread "G1 Conc#0" [stack: 0x0000009484500000,0x0000009484600000] [id=258616]

[error occurred during error reporting (printing all threads), id 0xc0000005, EXCEPTION_ACCESS_VIOLATION (0xc0000005) at pc=0x00007ffb5c032087]

VM state: not at safepoint (not fully initialized)

VM Mutex/Monitor currently owned by a thread:  ([mutex/lock_event])
[0x000002175173a300] Heap_lock - owner thread: 0x000002174f52e000

Heap address: 0x000000040d800000, size: 16168 MB, Compressed Oops mode: Zero based, Oop shift amount: 3

CDS archive(s) mapped at: [0x0000000000000000-0x0000000000000000-0x0000000000000000), size 0, SharedBaseAddress: 0x0000000800000000, ArchiveRelocationMode: 0.
Narrow klass base: 0x0000000000000000, Narrow klass shift: 0, Narrow klass range: 0x0

GC Precious Log:
<Empty>

Heap:
 garbage-first heap   total 0K, used 0K [0x000000040d800000, 0x0000000800000000)
  region size 8192K, 0 young (0K), 0 survivors (0K)

[error occurred during error reporting (printing heap information), id 0xc0000005, EXCEPTION_ACCESS_VIOLATION (0xc0000005) at pc=0x00007ffb5c41df59]

GC Heap History (0 events):
No events

Dll operation events (1 events):
Event: 0.024 Loaded shared library C:\Program Files\JetBrains\JetBrains Rider 2023.1.3\jbr\bin\java.dll

Deoptimization events (0 events):
No events

Classes unloaded (0 events):
No events

Classes redefined (0 events):
No events

Internal exceptions (0 events):
No events

VM Operations (0 events):
No events

Events (0 events):
No events


Dynamic libraries:
0x00007ff7ee520000 - 0x00007ff7ee52a000 	C:\Program Files\JetBrains\JetBrains Rider 2023.1.3\jbr\bin\java.exe
0x00007ffc0fdf0000 - 0x00007ffc10005000 	C:\WINDOWS\SYSTEM32\ntdll.dll
0x00007ffc0e400000 - 0x00007ffc0e4c4000 	C:\WINDOWS\System32\KERNEL32.DLL
0x00007ffc0d3d0000 - 0x00007ffc0d774000 	C:\WINDOWS\System32\KERNELBASE.dll
0x00007ffc0d240000 - 0x00007ffc0d351000 	C:\WINDOWS\System32\ucrtbase.dll
0x00007ffbc3660000 - 0x00007ffbc367b000 	C:\Program Files\JetBrains\JetBrains Rider 2023.1.3\jbr\bin\VCRUNTIME140.dll
0x00007ffbf2a80000 - 0x00007ffbf2a97000 	C:\Program Files\JetBrains\JetBrains Rider 2023.1.3\jbr\bin\jli.dll
0x00007ffc0e140000 - 0x00007ffc0e2ee000 	C:\WINDOWS\System32\USER32.dll
0x00007ffbf9aa0000 - 0x00007ffbf9d2f000 	C:\WINDOWS\WinSxS\amd64_microsoft.windows.common-controls_6595b64144ccf1df_6.0.23493.1000_none_eb84a6de4c7b0cc8\COMCTL32.dll
0x00007ffc0d780000 - 0x00007ffc0d7a6000 	C:\WINDOWS\System32\win32u.dll
0x00007ffc0df50000 - 0x00007ffc0dff7000 	C:\WINDOWS\System32\msvcrt.dll
0x00007ffc0ef40000 - 0x00007ffc0ef69000 	C:\WINDOWS\System32\GDI32.dll
0x00007ffc0d7b0000 - 0x00007ffc0d8c9000 	C:\WINDOWS\System32\gdi32full.dll
0x00007ffc0d1a0000 - 0x00007ffc0d23a000 	C:\WINDOWS\System32\msvcp_win.dll
0x00007ffc0f900000 - 0x00007ffc0f931000 	C:\WINDOWS\System32\IMM32.DLL
0x00007ffbf3b60000 - 0x00007ffbf3b6c000 	C:\Program Files\JetBrains\JetBrains Rider 2023.1.3\jbr\bin\vcruntime140_1.dll
0x00007ffbba2d0000 - 0x00007ffbba35d000 	C:\Program Files\JetBrains\JetBrains Rider 2023.1.3\jbr\bin\msvcp140.dll
0x00007ffb5bd40000 - 0x00007ffb5c9ae000 	C:\Program Files\JetBrains\JetBrains Rider 2023.1.3\jbr\bin\server\jvm.dll
0x00007ffc0e9b0000 - 0x00007ffc0ea5e000 	C:\WINDOWS\System32\ADVAPI32.dll
0x00007ffc0db80000 - 0x00007ffc0dc24000 	C:\WINDOWS\System32\sechost.dll
0x00007ffc0f9c0000 - 0x00007ffc0fad7000 	C:\WINDOWS\System32\RPCRT4.dll
0x00007ffbe6e90000 - 0x00007ffbe6e99000 	C:\WINDOWS\SYSTEM32\WSOCK32.dll
0x00007ffbfd2b0000 - 0x00007ffbfd2e4000 	C:\WINDOWS\SYSTEM32\WINMM.dll
0x00007ffc0ded0000 - 0x00007ffc0df41000 	C:\WINDOWS\System32\WS2_32.dll
0x00007ffc03360000 - 0x00007ffc0336a000 	C:\WINDOWS\SYSTEM32\VERSION.dll
0x00007ffc0c190000 - 0x00007ffc0c1a8000 	C:\WINDOWS\SYSTEM32\kernel.appcore.dll
0x00007ffc0a410000 - 0x00007ffc0a41a000 	C:\Program Files\JetBrains\JetBrains Rider 2023.1.3\jbr\bin\jimage.dll
0x00007ffc026b0000 - 0x00007ffc028de000 	C:\WINDOWS\SYSTEM32\DBGHELP.DLL
0x00007ffc0e5f0000 - 0x00007ffc0e97a000 	C:\WINDOWS\System32\combase.dll
0x00007ffc0ef70000 - 0x00007ffc0f047000 	C:\WINDOWS\System32\OLEAUT32.dll
0x00007ffbeeb70000 - 0x00007ffbeeba2000 	C:\WINDOWS\SYSTEM32\dbgcore.DLL
0x00007ffc0db00000 - 0x00007ffc0db7b000 	C:\WINDOWS\System32\bcryptPrimitives.dll
0x00007ffc076d0000 - 0x00007ffc076f5000 	C:\Program Files\JetBrains\JetBrains Rider 2023.1.3\jbr\bin\java.dll

dbghelp: loaded successfully - version: 4.0.5 - missing functions: none
symbol engine: initialized successfully - sym options: 0x614 - pdb path: .;C:\Program Files\JetBrains\JetBrains Rider 2023.1.3\jbr\bin;C:\WINDOWS\SYSTEM32;C:\WINDOWS\WinSxS\amd64_microsoft.windows.common-controls_6595b64144ccf1df_6.0.23493.1000_none_eb84a6de4c7b0cc8;C:\Program Files\JetBrains\JetBrains Rider 2023.1.3\jbr\bin\server

VM Arguments:
java_command: git4idea.http.GitAskPassApp Username for 'https://github.com': 
java_class_path (initial): C:/Program Files/JetBrains/JetBrains Rider 2023.1.3/plugins/vcs-git/lib/git4idea-rt.jar;C:/Program Files/JetBrains/JetBrains Rider 2023.1.3/lib/externalProcess-rt.jar
Launcher Type: SUN_STANDARD

[Global flags]
     intx CICompilerCount                          = 15                                        {product} {ergonomic}
     uint ConcGCThreads                            = 6                                         {product} {ergonomic}
     uint G1ConcRefinementThreads                  = 23                                        {product} {ergonomic}
   size_t G1HeapRegionSize                         = 8388608                                   {product} {ergonomic}
    uintx GCDrainStackTargetSize                   = 64                                        {product} {ergonomic}
   size_t InitialHeapSize                          = 1065353216                                {product} {ergonomic}
   size_t MarkStackSize                            = 4194304                                   {product} {ergonomic}
   size_t MaxHeapSize                              = 16953376768                               {product} {ergonomic}
   size_t MinHeapDeltaBytes                        = 8388608                                   {product} {ergonomic}
   size_t MinHeapSize                              = 8388608                                   {product} {ergonomic}
    uintx NonNMethodCodeHeapSize                   = 8192380                                {pd product} {ergonomic}
    uintx NonProfiledCodeHeapSize                  = 121732930                              {pd product} {ergonomic}
    uintx ProfiledCodeHeapSize                     = 121732930                              {pd product} {ergonomic}
    uintx ReservedCodeCacheSize                    = 251658240                              {pd product} {ergonomic}
     bool SegmentedCodeCache                       = true                                      {product} {ergonomic}
   size_t SoftMaxHeapSize                          = 16953376768                            {manageable} {ergonomic}
     bool UseCompressedClassPointers               = true                           {product lp64_product} {ergonomic}
     bool UseCompressedOops                        = true                           {product lp64_product} {ergonomic}
     bool UseG1GC                                  = true                                      {product} {ergonomic}
     bool UseLargePagesIndividualAllocation        = false                                  {pd product} {ergonomic}

Logging:
Log output configuration:
 #0: stdout all=warning uptime,level,tags
 #1: stderr all=off uptime,level,tags

Environment Variables:
PATH=C:\Program Files\Git\mingw64\libexec\git-core;C:\Program Files\Git\mingw64\libexec\git-core;C:\Program Files\Git\mingw64\bin;C:\Program Files\Git\usr\bin;C:\Users\Loganphx\bin;C:\Program Files\Common Files\Oracle\Java\javapath;C:\Windows\system32;C:\Windows;C:\Windows\System32\Wbem;C:\Windows\System32\WindowsPowerShell\v1.0;C:\Windows\System32\OpenSSH;C:\Program Files\NVIDIA Corporation\NVIDIA NvDLISR;C:\Program Files (x86)\NVIDIA Corporation\PhysX\Common;C:\Program Files (x86)\Microsoft SQL Server\160\Tools\Binn;C:\Program Files\Microsoft SQL Server\160\Tools\Binn;C:\Program Files\Microsoft SQL Server\Client SDK\ODBC\170\Tools\Binn;C:\Program Files\Microsoft SQL Server\160\DTS\Binn;C:\Program Files\Git\cmd;C:\WINDOWS\system32;C:\WINDOWS;C:\WINDOWS\System32\Wbem;C:\WINDOWS\System32\WindowsPowerShell\v1.0;C:\WINDOWS\System32\OpenSSH;C:\Program Files\Docker\Docker\resources\bin;C:\Program Files (x86)\Microsoft SQL Server\160\DTS\Binn;C:\Program Files\Azure Data Studio\bin;C:\Program Files\dotnet;C:\Users\Loganphx\AppData\Local\Microsoft\WindowsApps;C:\Program Files\Azure Data Studio\bin;C:\ProgramData\Loganphx\gitkraken\bin;%USERPROFILE%\AppData\Local\Microsoft\WindowsApps
USERNAME=Loganphx
DISPLAY=:0.0
LC_ALL=en_US.UTF-8
TERM=xterm-256color
TMPDIR=C:\Users\Loganphx\AppData\Local\Temp
OS=Windows_NT
PROCESSOR_IDENTIFIER=AMD64 Family 25 Model 97 Stepping 2, AuthenticAMD
TMP=C:\Users\Loganphx\AppData\Local\Temp
TEMP=C:\Users\Loganphx\AppData\Local\Temp


JNI global refs:

[error occurred during error reporting (JNI global references), id 0xc0000005, EXCEPTION_ACCESS_VIOLATION (0xc0000005) at pc=0x00007ffb5bdf7fc0]


---------------  S Y S T E M  ---------------

OS:
 Windows 11 , 64 bit Build 23493 (10.0.23493.1000)
OS uptime: 4 days 5:23 hours
Hyper-V role detected

CPU: total 32 (initial active 32) (32 cores per cpu, 2 threads per core) family 25 model 97 stepping 2 microcode 0x0, cx8, cmov, fxsr, ht, mmx, 3dnowpref, sse, sse2, sse3, ssse3, sse4a, sse4.1, sse4.2, popcnt, lzcnt, tsc, tscinvbit, avx, avx2, aes, erms, clmul, bmi1, bmi2, adx, avx512f, avx512dq, avx512cd, avx512bw, avx512vl, sha, fma, vzeroupper, avx512_vpopcntdq, avx512_vpclmulqdq, avx512_vaes, avx512_vnni, clflush, clflushopt, avx512_vbmi2, avx512_vbmi, hv

Memory: 4k page, system-wide physical 64661M (1473M free)
TotalPageFile size 182864M (AvailPageFile size 3206M)
current process WorkingSet (physical memory assigned to process): 11M, peak: 11M
current process commit charge ("private bytes"): 92M, peak: 1110M

vm_info: OpenJDK 64-Bit Server VM (17.0.7+10-b829.16) for windows-amd64 JRE (17.0.7+10-b829.16), built on 2023-06-02 by "builduser" with MS VC++ 16.10 / 16.11 (VS2019)

END.
